<?xml version="1.0" encoding="UTF-8"?>
<!-- Generated by org.testng.reporters.JUnitReportReporter -->
<testsuite skipped="0" hostname="wangpengzhideMacBook-Pro.local" name="org.example.AppTest" tests="4" failures="0" timestamp="31 五月 2023 04:43:53 GMT" time="0.989" errors="0">
  <testcase name="getRequirementListTest001" time="0.950" classname="org.example.AppTest"/>
  <testcase name="loginTest001" time="0.019" classname="org.example.AppTest"/>
  <testcase name="contextLoads" time="0.010" classname="org.example.AppTest"/>
  <testcase name="loginTest002" time="0.010" classname="org.example.AppTest"/>
</testsuite> <!-- org.example.AppTest -->
